0 info it worked if it ends with ok
1 verbose cli [ '/usr/local/bin/node',
1 verbose cli   '/usr/local/bin/npm',
1 verbose cli   'install',
1 verbose cli   'oracledb' ]
2 info using npm@2.15.9
3 info using node@v4.6.0
4 verbose install initial load of /Users/huchenchen/Dropbox/upenn/course/sem 1/CIS 550/project/CIS550Project/package.json
5 verbose readDependencies loading dependencies from /Users/huchenchen/Dropbox/upenn/course/sem 1/CIS 550/project/CIS550Project/package.json
6 silly cache add args [ 'oracledb', null ]
7 verbose cache add spec oracledb
8 silly cache add parsed spec Result {
8 silly cache add   raw: 'oracledb',
8 silly cache add   scope: null,
8 silly cache add   name: 'oracledb',
8 silly cache add   rawSpec: '',
8 silly cache add   spec: 'latest',
8 silly cache add   type: 'tag' }
9 silly addNamed oracledb@latest
10 verbose addNamed "latest" is being treated as a dist-tag for oracledb
11 info addNameTag [ 'oracledb', 'latest' ]
12 silly mapToRegistry name oracledb
13 silly mapToRegistry using default registry
14 silly mapToRegistry registry https://registry.npmjs.org/
15 silly mapToRegistry data Result {
15 silly mapToRegistry   raw: 'oracledb',
15 silly mapToRegistry   scope: null,
15 silly mapToRegistry   name: 'oracledb',
15 silly mapToRegistry   rawSpec: '',
15 silly mapToRegistry   spec: 'latest',
15 silly mapToRegistry   type: 'tag' }
16 silly mapToRegistry uri https://registry.npmjs.org/oracledb
17 verbose addNameTag registry:https://registry.npmjs.org/oracledb not in flight; fetching
18 verbose request uri https://registry.npmjs.org/oracledb
19 verbose request no auth needed
20 info attempt registry request try #1 at 7:30:13 PM
21 verbose request id 26d41ff417cc632d
22 verbose etag W/"581f096a-a139"
23 verbose lastModified Sun, 06 Nov 2016 10:43:54 GMT
24 http request GET https://registry.npmjs.org/oracledb
25 http 304 https://registry.npmjs.org/oracledb
26 verbose headers { date: 'Mon, 21 Nov 2016 00:30:13 GMT',
26 verbose headers   via: '1.1 varnish',
26 verbose headers   'cache-control': 'max-age=300',
26 verbose headers   etag: 'W/"581f096a-a139"',
26 verbose headers   age: '0',
26 verbose headers   connection: 'keep-alive',
26 verbose headers   'x-served-by': 'cache-jfk8131-JFK',
26 verbose headers   'x-cache': 'MISS',
26 verbose headers   'x-cache-hits': '0',
26 verbose headers   'x-timer': 'S1479688213.765311,VS0,VE65',
26 verbose headers   vary: 'Accept-Encoding' }
27 silly get cb [ 304,
27 silly get   { date: 'Mon, 21 Nov 2016 00:30:13 GMT',
27 silly get     via: '1.1 varnish',
27 silly get     'cache-control': 'max-age=300',
27 silly get     etag: 'W/"581f096a-a139"',
27 silly get     age: '0',
27 silly get     connection: 'keep-alive',
27 silly get     'x-served-by': 'cache-jfk8131-JFK',
27 silly get     'x-cache': 'MISS',
27 silly get     'x-cache-hits': '0',
27 silly get     'x-timer': 'S1479688213.765311,VS0,VE65',
27 silly get     vary: 'Accept-Encoding' } ]
28 verbose etag https://registry.npmjs.org/oracledb from cache
29 verbose get saving oracledb to /Users/huchenchen/.npm/registry.npmjs.org/oracledb/.cache.json
30 verbose correctMkdir /Users/huchenchen/.npm correctMkdir not in flight; initializing
31 silly addNameTag next cb for oracledb with tag latest
32 silly addNamed oracledb@1.11.0
33 verbose addNamed "1.11.0" is a plain semver version for oracledb
34 silly cache afterAdd oracledb@1.11.0
35 verbose afterAdd /Users/huchenchen/.npm/oracledb/1.11.0/package/package.json not in flight; writing
36 verbose correctMkdir /Users/huchenchen/.npm correctMkdir not in flight; initializing
37 verbose afterAdd /Users/huchenchen/.npm/oracledb/1.11.0/package/package.json written
38 silly install resolved [ { name: 'oracledb',
38 silly install resolved     version: '1.11.0',
38 silly install resolved     description: 'Oracle Database driver by Oracle Corp.',
38 silly install resolved     license: 'Apache-2.0',
38 silly install resolved     homepage: 'http://www.oracle.com/technetwork/database/database-technologies/scripting-languages/node_js/',
38 silly install resolved     keywords:
38 silly install resolved      [ 'oracledb',
38 silly install resolved        'dboracle',
38 silly install resolved        'Node.js',
38 silly install resolved        'SQL',
38 silly install resolved        'PL/SQL',
38 silly install resolved        'connection',
38 silly install resolved        'connectivity',
38 silly install resolved        'OCI',
38 silly install resolved        'client',
38 silly install resolved        'plugin',
38 silly install resolved        'library',
38 silly install resolved        'driver',
38 silly install resolved        'add-on',
38 silly install resolved        'extension',
38 silly install resolved        'binding',
38 silly install resolved        'interface',
38 silly install resolved        'adapter',
38 silly install resolved        'module',
38 silly install resolved        'DB',
38 silly install resolved        'official',
38 silly install resolved        'Database',
38 silly install resolved        'Oracle' ],
38 silly install resolved     repository:
38 silly install resolved      { type: 'git',
38 silly install resolved        url: 'git://github.com/oracle/node-oracledb.git' },
38 silly install resolved     dependencies: { nan: '~2.3.0' },
38 silly install resolved     devDependencies: { mocha: '^2.4.5', should: '^8.3.1', async: '^1.5.0' },
38 silly install resolved     scripts:
38 silly install resolved      { test: 'mocha --opts test/opts/mocha.opts',
38 silly install resolved        testWindows: 'mocha --opts test\\opts\\mocha.opts',
38 silly install resolved        install: 'node-gyp rebuild' },
38 silly install resolved     engines: { node: '>=0.10.28 <7' },
38 silly install resolved     maintainers: [ [Object], [Object] ],
38 silly install resolved     bugs: { url: 'https://github.com/oracle/node-oracledb/issues' },
38 silly install resolved     main: './index.js',
38 silly install resolved     gypfile: true,
38 silly install resolved     _id: 'oracledb@1.11.0',
38 silly install resolved     _shasum: '847655885f3b0f0e1359ac314b89bb6a6db9e2f0',
38 silly install resolved     _resolved: 'https://registry.npmjs.org/oracledb/-/oracledb-1.11.0.tgz',
38 silly install resolved     _from: 'oracledb@latest',
38 silly install resolved     _npmVersion: '3.10.3',
38 silly install resolved     _nodeVersion: '6.4.0',
38 silly install resolved     _npmUser: { name: 'cjbj', email: 'christopher.jones@oracle.com' },
38 silly install resolved     dist:
38 silly install resolved      { shasum: '847655885f3b0f0e1359ac314b89bb6a6db9e2f0',
38 silly install resolved        tarball: 'https://registry.npmjs.org/oracledb/-/oracledb-1.11.0.tgz' },
38 silly install resolved     _npmOperationalInternal:
38 silly install resolved      { host: 'packages-12-west.internal.npmjs.com',
38 silly install resolved        tmp: 'tmp/oracledb-1.11.0.tgz_1471590426883_0.3451673074159771' },
38 silly install resolved     directories: {},
38 silly install resolved     readme: 'ERROR: No README data found!' } ]
39 info install oracledb@1.11.0 into /Users/huchenchen/Dropbox/upenn/course/sem 1/CIS 550/project/CIS550Project
40 info installOne oracledb@1.11.0
41 verbose installOne of oracledb to /Users/huchenchen/Dropbox/upenn/course/sem 1/CIS 550/project/CIS550Project not in flight; installing
42 verbose correctMkdir /Users/huchenchen/.npm/_locks correctMkdir not in flight; initializing
43 verbose lock using /Users/huchenchen/.npm/_locks/oracledb-fb6564d69208ea2c.lock for /Users/huchenchen/Dropbox/upenn/course/sem 1/CIS 550/project/CIS550Project/node_modules/oracledb
44 silly install write writing oracledb 1.11.0 to /Users/huchenchen/Dropbox/upenn/course/sem 1/CIS 550/project/CIS550Project/node_modules/oracledb
45 verbose unbuild node_modules/oracledb
46 silly gentlyRm /Users/huchenchen/Dropbox/upenn/course/sem 1/CIS 550/project/CIS550Project/node_modules/oracledb is being purged from base /Users/huchenchen/Dropbox/upenn/course/sem 1/CIS 550/project/CIS550Project
47 verbose gentlyRm don't care about contents; nuking /Users/huchenchen/Dropbox/upenn/course/sem 1/CIS 550/project/CIS550Project/node_modules/oracledb
48 verbose tar unpack /Users/huchenchen/.npm/oracledb/1.11.0/package.tgz
49 verbose tar unpacking to /Users/huchenchen/Dropbox/upenn/course/sem 1/CIS 550/project/CIS550Project/node_modules/oracledb
50 silly gentlyRm /Users/huchenchen/Dropbox/upenn/course/sem 1/CIS 550/project/CIS550Project/node_modules/oracledb is being purged
51 verbose gentlyRm don't care about contents; nuking /Users/huchenchen/Dropbox/upenn/course/sem 1/CIS 550/project/CIS550Project/node_modules/oracledb
52 silly gunzTarPerm modes [ '755', '644' ]
53 silly gunzTarPerm extractEntry package.json
54 silly gunzTarPerm extractEntry README.md
55 silly gunzTarPerm extractEntry index.js
56 silly gunzTarPerm extractEntry CHANGELOG.md
57 silly gunzTarPerm extractEntry LICENSE.md
58 silly gunzTarPerm extractEntry binding.gyp
59 silly gunzTarPerm extractEntry lib/connection.js
60 silly gunzTarPerm extractEntry lib/lob.js
61 silly gunzTarPerm extractEntry lib/oracledb.js
62 silly gunzTarPerm extractEntry lib/pool.js
63 silly gunzTarPerm extractEntry lib/querystream.js
64 silly gunzTarPerm extractEntry lib/resultset.js
65 silly gunzTarPerm extractEntry lib/util.js
66 silly gunzTarPerm extractEntry src/dpi/include/dpi.h
67 silly gunzTarPerm extractEntry src/dpi/include/dpiCommon.h
68 silly gunzTarPerm extractEntry src/dpi/include/dpiConn.h
69 silly gunzTarPerm extractEntry src/dpi/include/dpiDateTimeArray.h
70 silly gunzTarPerm extractEntry src/dpi/include/dpiEnv.h
71 silly gunzTarPerm extractEntry src/dpi/include/dpiException.h
72 silly gunzTarPerm extractEntry src/dpi/include/dpiLob.h
73 silly gunzTarPerm extractEntry src/dpi/include/dpiPool.h
74 silly gunzTarPerm extractEntry src/dpi/include/dpiStmt.h
75 silly gunzTarPerm extractEntry src/dpi/src/dpiExceptionImpl.cpp
76 silly gunzTarPerm extractEntry src/dpi/src/dpiCommon.cpp
77 silly gunzTarPerm extractEntry src/dpi/src/dpiConnImpl.h
78 silly gunzTarPerm extractEntry src/dpi/src/dpiDateTimeArrayImpl.cpp
79 silly gunzTarPerm extractEntry src/dpi/src/dpiDateTimeArrayImpl.h
80 silly gunzTarPerm extractEntry src/dpi/src/dpiEnv.cpp
81 silly gunzTarPerm extractEntry src/dpi/src/dpiEnvImpl.cpp
82 silly gunzTarPerm extractEntry src/dpi/src/dpiEnvImpl.h
83 silly gunzTarPerm extractEntry src/dpi/src/dpiException.cpp
84 silly gunzTarPerm extractEntry src/dpi/src/dpiConnImpl.cpp
85 silly gunzTarPerm extractEntry src/dpi/src/dpiExceptionImpl.h
86 silly gunzTarPerm extractEntry src/dpi/src/dpiLob.cpp
87 silly gunzTarPerm extractEntry src/dpi/src/dpiPoolImpl.cpp
88 silly gunzTarPerm extractEntry src/dpi/src/dpiPoolImpl.h
89 silly gunzTarPerm extractEntry src/dpi/src/dpiStmtImpl.cpp
90 silly gunzTarPerm extractEntry src/dpi/src/dpiStmtImpl.h
91 silly gunzTarPerm extractEntry src/dpi/src/dpiUtils.cpp
92 silly gunzTarPerm extractEntry src/dpi/src/dpiUtils.h
93 silly gunzTarPerm extractEntry src/njs/src/njsOracle.cpp
94 silly gunzTarPerm extractEntry src/njs/src/njsConnection.cpp
95 silly gunzTarPerm extractEntry src/njs/src/njsIntLob.cpp
96 silly gunzTarPerm extractEntry src/njs/src/njsIntLob.h
97 silly gunzTarPerm extractEntry src/njs/src/njsMessages.cpp
98 silly gunzTarPerm extractEntry src/njs/src/njsMessages.h
99 silly gunzTarPerm extractEntry src/njs/src/njsConnection.h
100 silly gunzTarPerm extractEntry src/njs/src/njsOracle.h
101 silly gunzTarPerm extractEntry src/njs/src/njsPool.cpp
102 silly gunzTarPerm extractEntry src/njs/src/njsPool.h
103 silly gunzTarPerm extractEntry src/njs/src/njsResultSet.cpp
104 silly gunzTarPerm extractEntry src/njs/src/njsResultSet.h
105 silly gunzTarPerm extractEntry src/njs/src/njsUtils.h
106 verbose write writing to /Users/huchenchen/Dropbox/upenn/course/sem 1/CIS 550/project/CIS550Project/node_modules/oracledb/package.json
107 info preinstall oracledb@1.11.0
108 verbose readDependencies loading dependencies from /Users/huchenchen/Dropbox/upenn/course/sem 1/CIS 550/project/CIS550Project/node_modules/oracledb/package.json
109 silly prepareForInstallMany adding nan@~2.3.0 from oracledb dependencies
110 verbose readDependencies loading dependencies from /Users/huchenchen/Dropbox/upenn/course/sem 1/CIS 550/project/CIS550Project/node_modules/oracledb/package.json
111 silly cache add args [ 'nan@~2.3.0', null ]
112 verbose cache add spec nan@~2.3.0
113 silly cache add parsed spec Result {
113 silly cache add   raw: 'nan@~2.3.0',
113 silly cache add   scope: null,
113 silly cache add   name: 'nan',
113 silly cache add   rawSpec: '~2.3.0',
113 silly cache add   spec: '>=2.3.0 <2.4.0',
113 silly cache add   type: 'range' }
114 silly addNamed nan@>=2.3.0 <2.4.0
115 verbose addNamed ">=2.3.0 <2.4.0" is a valid semver range for nan
116 silly addNameRange { name: 'nan', range: '>=2.3.0 <2.4.0', hasData: false }
117 silly mapToRegistry name nan
118 silly mapToRegistry using default registry
119 silly mapToRegistry registry https://registry.npmjs.org/
120 silly mapToRegistry data Result {
120 silly mapToRegistry   raw: 'nan',
120 silly mapToRegistry   scope: null,
120 silly mapToRegistry   name: 'nan',
120 silly mapToRegistry   rawSpec: '',
120 silly mapToRegistry   spec: 'latest',
120 silly mapToRegistry   type: 'tag' }
121 silly mapToRegistry uri https://registry.npmjs.org/nan
122 verbose addNameRange registry:https://registry.npmjs.org/nan not in flight; fetching
123 verbose request uri https://registry.npmjs.org/nan
124 verbose request no auth needed
125 info attempt registry request try #1 at 7:30:14 PM
126 verbose etag W/"5818d749-1ce1e"
127 verbose lastModified Tue, 01 Nov 2016 17:56:25 GMT
128 http request GET https://registry.npmjs.org/nan
129 http 304 https://registry.npmjs.org/nan
130 verbose headers { date: 'Mon, 21 Nov 2016 00:30:14 GMT',
130 verbose headers   via: '1.1 varnish',
130 verbose headers   'cache-control': 'max-age=300',
130 verbose headers   etag: 'W/"5818d749-1ce1e"',
130 verbose headers   age: '248',
130 verbose headers   connection: 'keep-alive',
130 verbose headers   'x-served-by': 'cache-jfk8131-JFK',
130 verbose headers   'x-cache': 'HIT',
130 verbose headers   'x-cache-hits': '1',
130 verbose headers   'x-timer': 'S1479688214.186034,VS0,VE0',
130 verbose headers   vary: 'Accept-Encoding' }
131 silly get cb [ 304,
131 silly get   { date: 'Mon, 21 Nov 2016 00:30:14 GMT',
131 silly get     via: '1.1 varnish',
131 silly get     'cache-control': 'max-age=300',
131 silly get     etag: 'W/"5818d749-1ce1e"',
131 silly get     age: '248',
131 silly get     connection: 'keep-alive',
131 silly get     'x-served-by': 'cache-jfk8131-JFK',
131 silly get     'x-cache': 'HIT',
131 silly get     'x-cache-hits': '1',
131 silly get     'x-timer': 'S1479688214.186034,VS0,VE0',
131 silly get     vary: 'Accept-Encoding' } ]
132 verbose etag https://registry.npmjs.org/nan from cache
133 verbose get saving nan to /Users/huchenchen/.npm/registry.npmjs.org/nan/.cache.json
134 verbose correctMkdir /Users/huchenchen/.npm correctMkdir not in flight; initializing
135 silly addNameRange number 2 { name: 'nan', range: '>=2.3.0 <2.4.0', hasData: true }
136 silly addNameRange versions [ 'nan',
136 silly addNameRange   [ '0.3.0-wip',
136 silly addNameRange     '0.3.0-wip2',
136 silly addNameRange     '0.3.0',
136 silly addNameRange     '0.3.1',
136 silly addNameRange     '0.3.2',
136 silly addNameRange     '0.4.0',
136 silly addNameRange     '0.4.1',
136 silly addNameRange     '0.4.2',
136 silly addNameRange     '0.4.3',
136 silly addNameRange     '0.4.4',
136 silly addNameRange     '0.5.0',
136 silly addNameRange     '0.5.1',
136 silly addNameRange     '0.5.2',
136 silly addNameRange     '0.6.0',
136 silly addNameRange     '0.7.0',
136 silly addNameRange     '0.7.1',
136 silly addNameRange     '0.8.0',
136 silly addNameRange     '1.0.0',
136 silly addNameRange     '1.1.0',
136 silly addNameRange     '1.1.1',
136 silly addNameRange     '1.1.2',
136 silly addNameRange     '1.2.0',
136 silly addNameRange     '1.3.0',
136 silly addNameRange     '1.4.0',
136 silly addNameRange     '1.4.1',
136 silly addNameRange     '1.5.0',
136 silly addNameRange     '1.4.2',
136 silly addNameRange     '1.4.3',
136 silly addNameRange     '1.5.1',
136 silly addNameRange     '1.5.2',
136 silly addNameRange     '1.6.0',
136 silly addNameRange     '1.5.3',
136 silly addNameRange     '1.6.1',
136 silly addNameRange     '1.6.2',
136 silly addNameRange     '1.7.0',
136 silly addNameRange     '1.8.0',
136 silly addNameRange     '1.8.1',
136 silly addNameRange     '1.8.2',
136 silly addNameRange     '1.8.3',
136 silly addNameRange     '1.8.4',
136 silly addNameRange     '1.9.0',
136 silly addNameRange     '2.0.0',
136 silly addNameRange     '2.0.1',
136 silly addNameRange     '2.0.2',
136 silly addNameRange     '2.0.3',
136 silly addNameRange     '2.0.4',
136 silly addNameRange     '2.0.5',
136 silly addNameRange     '2.0.6',
136 silly addNameRange     '2.0.7',
136 silly addNameRange     '2.0.8',
136 silly addNameRange     '2.0.9',
136 silly addNameRange     '2.1.0',
136 silly addNameRange     '2.2.0',
136 silly addNameRange     '2.2.1',
136 silly addNameRange     '2.3.0',
136 silly addNameRange     '2.3.1',
136 silly addNameRange     '2.3.2',
136 silly addNameRange     '2.3.3',
136 silly addNameRange     '2.3.4',
136 silly addNameRange     '2.3.5',
136 silly addNameRange     '2.4.0' ] ]
137 silly addNamed nan@2.3.5
138 verbose addNamed "2.3.5" is a plain semver version for nan
139 silly cache afterAdd nan@2.3.5
140 verbose afterAdd /Users/huchenchen/.npm/nan/2.3.5/package/package.json not in flight; writing
141 verbose correctMkdir /Users/huchenchen/.npm correctMkdir not in flight; initializing
142 verbose afterAdd /Users/huchenchen/.npm/nan/2.3.5/package/package.json written
143 silly install resolved [ { name: 'nan',
143 silly install resolved     version: '2.3.5',
143 silly install resolved     description: 'Native Abstractions for Node.js: C++ header for Node 0.8 -> 6 compatibility',
143 silly install resolved     main: 'include_dirs.js',
143 silly install resolved     repository: { type: 'git', url: 'git://github.com/nodejs/nan.git' },
143 silly install resolved     scripts:
143 silly install resolved      { test: 'tap --gc --stderr test/js/*-test.js',
143 silly install resolved        'rebuild-tests': 'node-gyp rebuild --msvs_version=2013 --directory test',
143 silly install resolved        docs: 'doc/.build.sh' },
143 silly install resolved     contributors:
143 silly install resolved      [ [Object],
143 silly install resolved        [Object],
143 silly install resolved        [Object],
143 silly install resolved        [Object],
143 silly install resolved        [Object],
143 silly install resolved        [Object],
143 silly install resolved        [Object] ],
143 silly install resolved     devDependencies:
143 silly install resolved      { bindings: '~1.2.1',
143 silly install resolved        commander: '^2.8.1',
143 silly install resolved        glob: '^5.0.14',
143 silly install resolved        'node-gyp': '~3.0.1',
143 silly install resolved        tap: '~0.7.1',
143 silly install resolved        xtend: '~4.0.0' },
143 silly install resolved     license: 'MIT',
143 silly install resolved     bugs: { url: 'https://github.com/nodejs/nan/issues' },
143 silly install resolved     homepage: 'https://github.com/nodejs/nan#readme',
143 silly install resolved     _id: 'nan@2.3.5',
143 silly install resolved     _shasum: '822a0dc266290ce4cd3a12282ca3e7e364668a08',
143 silly install resolved     _resolved: 'https://registry.npmjs.org/nan/-/nan-2.3.5.tgz',
143 silly install resolved     _from: 'nan@>=2.3.0 <2.4.0',
143 silly install resolved     _npmVersion: '3.3.6',
143 silly install resolved     _nodeVersion: '5.0.0',
143 silly install resolved     _npmUser: { name: 'kkoopa', email: 'bbyholm@abo.fi' },
143 silly install resolved     dist:
143 silly install resolved      { shasum: '822a0dc266290ce4cd3a12282ca3e7e364668a08',
143 silly install resolved        tarball: 'https://registry.npmjs.org/nan/-/nan-2.3.5.tgz' },
143 silly install resolved     maintainers: [ [Object], [Object] ],
143 silly install resolved     _npmOperationalInternal:
143 silly install resolved      { host: 'packages-12-west.internal.npmjs.com',
143 silly install resolved        tmp: 'tmp/nan-2.3.5.tgz_1464707164994_0.4295874561648816' },
143 silly install resolved     directories: {},
143 silly install resolved     readme: 'ERROR: No README data found!' } ]
144 info install nan@2.3.5 into /Users/huchenchen/Dropbox/upenn/course/sem 1/CIS 550/project/CIS550Project/node_modules/oracledb
145 info installOne nan@2.3.5
146 verbose installOne of nan to /Users/huchenchen/Dropbox/upenn/course/sem 1/CIS 550/project/CIS550Project/node_modules/oracledb not in flight; installing
147 verbose correctMkdir /Users/huchenchen/.npm/_locks correctMkdir not in flight; initializing
148 verbose lock using /Users/huchenchen/.npm/_locks/nan-4af95b79831239de.lock for /Users/huchenchen/Dropbox/upenn/course/sem 1/CIS 550/project/CIS550Project/node_modules/oracledb/node_modules/nan
149 silly install write writing nan 2.3.5 to /Users/huchenchen/Dropbox/upenn/course/sem 1/CIS 550/project/CIS550Project/node_modules/oracledb/node_modules/nan
150 verbose unbuild node_modules/oracledb/node_modules/nan
151 silly gentlyRm /Users/huchenchen/Dropbox/upenn/course/sem 1/CIS 550/project/CIS550Project/node_modules/oracledb/node_modules/nan is being purged from base /Users/huchenchen/Dropbox/upenn/course/sem 1/CIS 550/project/CIS550Project
152 verbose gentlyRm don't care about contents; nuking /Users/huchenchen/Dropbox/upenn/course/sem 1/CIS 550/project/CIS550Project/node_modules/oracledb/node_modules/nan
153 verbose tar unpack /Users/huchenchen/.npm/nan/2.3.5/package.tgz
154 verbose tar unpacking to /Users/huchenchen/Dropbox/upenn/course/sem 1/CIS 550/project/CIS550Project/node_modules/oracledb/node_modules/nan
155 silly gentlyRm /Users/huchenchen/Dropbox/upenn/course/sem 1/CIS 550/project/CIS550Project/node_modules/oracledb/node_modules/nan is being purged
156 verbose gentlyRm don't care about contents; nuking /Users/huchenchen/Dropbox/upenn/course/sem 1/CIS 550/project/CIS550Project/node_modules/oracledb/node_modules/nan
157 silly gunzTarPerm modes [ '755', '644' ]
158 silly gunzTarPerm extractEntry package.json
159 silly gunzTarPerm modified mode [ 'package.json', 436, 420 ]
160 silly gunzTarPerm extractEntry README.md
161 silly gunzTarPerm modified mode [ 'README.md', 436, 420 ]
162 silly gunzTarPerm extractEntry include_dirs.js
163 silly gunzTarPerm modified mode [ 'include_dirs.js', 436, 420 ]
164 silly gunzTarPerm extractEntry nan_converters.h
165 silly gunzTarPerm modified mode [ 'nan_converters.h', 436, 420 ]
166 silly gunzTarPerm extractEntry LICENSE.md
167 silly gunzTarPerm modified mode [ 'LICENSE.md', 436, 420 ]
168 silly gunzTarPerm extractEntry doc/node_misc.md
169 silly gunzTarPerm modified mode [ 'doc/node_misc.md', 436, 420 ]
170 silly gunzTarPerm extractEntry doc/asyncworker.md
171 silly gunzTarPerm modified mode [ 'doc/asyncworker.md', 436, 420 ]
172 silly gunzTarPerm extractEntry doc/callback.md
173 silly gunzTarPerm modified mode [ 'doc/callback.md', 436, 420 ]
174 silly gunzTarPerm extractEntry doc/converters.md
175 silly gunzTarPerm modified mode [ 'doc/converters.md', 436, 420 ]
176 silly gunzTarPerm extractEntry doc/errors.md
177 silly gunzTarPerm modified mode [ 'doc/errors.md', 436, 420 ]
178 silly gunzTarPerm extractEntry doc/maybe_types.md
179 silly gunzTarPerm modified mode [ 'doc/maybe_types.md', 436, 420 ]
180 silly gunzTarPerm extractEntry doc/methods.md
181 silly gunzTarPerm modified mode [ 'doc/methods.md', 436, 420 ]
182 silly gunzTarPerm extractEntry doc/new.md
183 silly gunzTarPerm modified mode [ 'doc/new.md', 436, 420 ]
184 silly gunzTarPerm extractEntry doc/buffers.md
185 silly gunzTarPerm modified mode [ 'doc/buffers.md', 436, 420 ]
186 silly gunzTarPerm extractEntry doc/object_wrappers.md
187 silly gunzTarPerm modified mode [ 'doc/object_wrappers.md', 436, 420 ]
188 silly gunzTarPerm extractEntry doc/persistent.md
189 silly gunzTarPerm modified mode [ 'doc/persistent.md', 436, 420 ]
190 silly gunzTarPerm extractEntry doc/scopes.md
191 silly gunzTarPerm modified mode [ 'doc/scopes.md', 436, 420 ]
192 silly gunzTarPerm extractEntry doc/script.md
193 silly gunzTarPerm modified mode [ 'doc/script.md', 436, 420 ]
194 silly gunzTarPerm extractEntry doc/string_bytes.md
195 silly gunzTarPerm modified mode [ 'doc/string_bytes.md', 436, 420 ]
196 silly gunzTarPerm extractEntry doc/v8_internals.md
197 silly gunzTarPerm modified mode [ 'doc/v8_internals.md', 436, 420 ]
198 silly gunzTarPerm extractEntry doc/v8_misc.md
199 silly gunzTarPerm modified mode [ 'doc/v8_misc.md', 436, 420 ]
200 silly gunzTarPerm extractEntry nan.h
201 silly gunzTarPerm modified mode [ 'nan.h', 436, 420 ]
202 silly gunzTarPerm extractEntry nan_callbacks.h
203 silly gunzTarPerm modified mode [ 'nan_callbacks.h', 436, 420 ]
204 silly gunzTarPerm extractEntry nan_callbacks_12_inl.h
205 silly gunzTarPerm modified mode [ 'nan_callbacks_12_inl.h', 436, 420 ]
206 silly gunzTarPerm extractEntry nan_callbacks_pre_12_inl.h
207 silly gunzTarPerm modified mode [ 'nan_callbacks_pre_12_inl.h', 436, 420 ]
208 silly gunzTarPerm extractEntry nan_converters_43_inl.h
209 silly gunzTarPerm modified mode [ 'nan_converters_43_inl.h', 436, 420 ]
210 silly gunzTarPerm extractEntry nan_converters_pre_43_inl.h
211 silly gunzTarPerm modified mode [ 'nan_converters_pre_43_inl.h', 436, 420 ]
212 silly gunzTarPerm extractEntry nan_implementation_12_inl.h
213 silly gunzTarPerm modified mode [ 'nan_implementation_12_inl.h', 436, 420 ]
214 silly gunzTarPerm extractEntry nan_implementation_pre_12_inl.h
215 silly gunzTarPerm modified mode [ 'nan_implementation_pre_12_inl.h', 436, 420 ]
216 silly gunzTarPerm extractEntry nan_maybe_43_inl.h
217 silly gunzTarPerm modified mode [ 'nan_maybe_43_inl.h', 436, 420 ]
218 silly gunzTarPerm extractEntry nan_maybe_pre_43_inl.h
219 silly gunzTarPerm modified mode [ 'nan_maybe_pre_43_inl.h', 436, 420 ]
220 silly gunzTarPerm extractEntry nan_new.h
221 silly gunzTarPerm modified mode [ 'nan_new.h', 436, 420 ]
222 silly gunzTarPerm extractEntry nan_object_wrap.h
223 silly gunzTarPerm modified mode [ 'nan_object_wrap.h', 436, 420 ]
224 silly gunzTarPerm extractEntry nan_persistent_12_inl.h
225 silly gunzTarPerm modified mode [ 'nan_persistent_12_inl.h', 436, 420 ]
226 silly gunzTarPerm extractEntry nan_persistent_pre_12_inl.h
227 silly gunzTarPerm modified mode [ 'nan_persistent_pre_12_inl.h', 436, 420 ]
228 silly gunzTarPerm extractEntry nan_string_bytes.h
229 silly gunzTarPerm modified mode [ 'nan_string_bytes.h', 436, 420 ]
230 silly gunzTarPerm extractEntry nan_typedarray_contents.h
231 silly gunzTarPerm modified mode [ 'nan_typedarray_contents.h', 436, 420 ]
232 silly gunzTarPerm extractEntry nan_weak.h
233 silly gunzTarPerm modified mode [ 'nan_weak.h', 436, 420 ]
234 silly gunzTarPerm extractEntry CHANGELOG.md
235 silly gunzTarPerm modified mode [ 'CHANGELOG.md', 436, 420 ]
236 silly gunzTarPerm extractEntry tools/package.json
237 silly gunzTarPerm modified mode [ 'tools/package.json', 436, 420 ]
238 silly gunzTarPerm extractEntry tools/README.md
239 silly gunzTarPerm modified mode [ 'tools/README.md', 436, 420 ]
240 silly gunzTarPerm extractEntry tools/1to2.js
241 silly gunzTarPerm modified mode [ 'tools/1to2.js', 509, 493 ]
242 verbose write writing to /Users/huchenchen/Dropbox/upenn/course/sem 1/CIS 550/project/CIS550Project/node_modules/oracledb/node_modules/nan/package.json
243 info preinstall nan@2.3.5
244 verbose readDependencies loading dependencies from /Users/huchenchen/Dropbox/upenn/course/sem 1/CIS 550/project/CIS550Project/node_modules/oracledb/node_modules/nan/package.json
245 verbose readDependencies loading dependencies from /Users/huchenchen/Dropbox/upenn/course/sem 1/CIS 550/project/CIS550Project/node_modules/oracledb/node_modules/nan/package.json
246 silly install resolved []
247 verbose about to build /Users/huchenchen/Dropbox/upenn/course/sem 1/CIS 550/project/CIS550Project/node_modules/oracledb/node_modules/nan
248 info build /Users/huchenchen/Dropbox/upenn/course/sem 1/CIS 550/project/CIS550Project/node_modules/oracledb/node_modules/nan
249 info linkStuff nan@2.3.5
250 silly linkStuff nan@2.3.5 has /Users/huchenchen/Dropbox/upenn/course/sem 1/CIS 550/project/CIS550Project/node_modules/oracledb/node_modules as its parent node_modules
251 verbose linkBins nan@2.3.5
252 verbose linkMans nan@2.3.5
253 verbose rebuildBundles nan@2.3.5
254 info install nan@2.3.5
255 info postinstall nan@2.3.5
256 verbose unlock done using /Users/huchenchen/.npm/_locks/nan-4af95b79831239de.lock for /Users/huchenchen/Dropbox/upenn/course/sem 1/CIS 550/project/CIS550Project/node_modules/oracledb/node_modules/nan
257 verbose about to build /Users/huchenchen/Dropbox/upenn/course/sem 1/CIS 550/project/CIS550Project/node_modules/oracledb
258 info build /Users/huchenchen/Dropbox/upenn/course/sem 1/CIS 550/project/CIS550Project/node_modules/oracledb
259 info linkStuff oracledb@1.11.0
260 silly linkStuff oracledb@1.11.0 has /Users/huchenchen/Dropbox/upenn/course/sem 1/CIS 550/project/CIS550Project/node_modules as its parent node_modules
261 verbose linkBins oracledb@1.11.0
262 verbose linkMans oracledb@1.11.0
263 verbose rebuildBundles oracledb@1.11.0
264 verbose rebuildBundles [ 'nan' ]
265 info install oracledb@1.11.0
266 verbose unsafe-perm in lifecycle true
267 info oracledb@1.11.0 Failed to exec install script
268 verbose unlock done using /Users/huchenchen/.npm/_locks/oracledb-fb6564d69208ea2c.lock for /Users/huchenchen/Dropbox/upenn/course/sem 1/CIS 550/project/CIS550Project/node_modules/oracledb
269 verbose stack Error: oracledb@1.11.0 install: `node-gyp rebuild`
269 verbose stack Exit status 1
269 verbose stack     at EventEmitter.<anonymous> (/usr/local/lib/node_modules/npm/lib/utils/lifecycle.js:217:16)
269 verbose stack     at emitTwo (events.js:87:13)
269 verbose stack     at EventEmitter.emit (events.js:172:7)
269 verbose stack     at ChildProcess.<anonymous> (/usr/local/lib/node_modules/npm/lib/utils/spawn.js:24:14)
269 verbose stack     at emitTwo (events.js:87:13)
269 verbose stack     at ChildProcess.emit (events.js:172:7)
269 verbose stack     at maybeClose (internal/child_process.js:829:16)
269 verbose stack     at Process.ChildProcess._handle.onexit (internal/child_process.js:211:5)
270 verbose pkgid oracledb@1.11.0
271 verbose cwd /Users/huchenchen/Dropbox/upenn/course/sem 1/CIS 550/project/CIS550Project
272 error Darwin 14.4.0
273 error argv "/usr/local/bin/node" "/usr/local/bin/npm" "install" "oracledb"
274 error node v4.6.0
275 error npm  v2.15.9
276 error code ELIFECYCLE
277 error oracledb@1.11.0 install: `node-gyp rebuild`
277 error Exit status 1
278 error Failed at the oracledb@1.11.0 install script 'node-gyp rebuild'.
278 error This is most likely a problem with the oracledb package,
278 error not with npm itself.
278 error Tell the author that this fails on your system:
278 error     node-gyp rebuild
278 error You can get information on how to open an issue for this project with:
278 error     npm bugs oracledb
278 error Or if that isn't available, you can get their info via:
278 error
278 error     npm owner ls oracledb
278 error There is likely additional logging output above.
279 verbose exit [ 1, true ]
280 verbose unbuild node_modules/oracledb
281 info preuninstall oracledb@1.11.0
282 info uninstall oracledb@1.11.0
283 verbose unbuild rmStuff oracledb@1.11.0 from /Users/huchenchen/Dropbox/upenn/course/sem 1/CIS 550/project/CIS550Project/node_modules
284 info postuninstall oracledb@1.11.0
285 silly gentlyRm /Users/huchenchen/Dropbox/upenn/course/sem 1/CIS 550/project/CIS550Project/node_modules/oracledb is being purged from base /Users/huchenchen/Dropbox/upenn/course/sem 1/CIS 550/project/CIS550Project
286 verbose gentlyRm don't care about contents; nuking /Users/huchenchen/Dropbox/upenn/course/sem 1/CIS 550/project/CIS550Project/node_modules/oracledb
287 silly vacuum-fs purging /Users/huchenchen/Dropbox/upenn/course/sem 1/CIS 550/project/CIS550Project/node_modules/oracledb
288 silly vacuum-fs removing /Users/huchenchen/Dropbox/upenn/course/sem 1/CIS 550/project/CIS550Project/node_modules
289 silly vacuum-fs finished vacuuming up to /Users/huchenchen/Dropbox/upenn/course/sem 1/CIS 550/project/CIS550Project
